Unity Editor version:    2020.3.26f1 (7298b473bc1a)
Branch:                  2020.3/staging
Build type:              Release
Batch mode:              YES
macOS version:           Version 12.2.1 (Build 21D62)
Darwin version:          21.3.0
Architecture:            x86_64
Running under Rosetta:   YES
Available memory:        16384 MB
Using pre-set license
Pro License: NO

COMMAND LINE ARGUMENTS:
/Applications/Unity/Hub/Editor/2020.3.26f1/Unity.app/Contents/MacOS/Unity
-adb2
-batchMode
-noUpm
-name
AssetImportWorker0
-projectPath
/Users/seokyung/Documents/GitHub/SoundOfZombie_combine
-logFile
Logs/AssetImportWorker0.log
-srvPort
52581
Successfully changed project path to: /Users/seokyung/Documents/GitHub/SoundOfZombie_combine
/Users/seokyung/Documents/GitHub/SoundOfZombie_combine
Using Asset Import Pipeline V2.
Refreshing native plugins compatible for Editor in 69.10 ms, found 3 plugins.
Preloading 1 native plugins for Editor in 13.03 ms.
Initialize engine version: 2020.3.26f1 (7298b473bc1a)
[Subsystems] Discovering subsystems at path /Applications/Unity/Hub/Editor/2020.3.26f1/Unity.app/Contents/Resources/UnitySubsystems
[Subsystems] Discovering subsystems at path /Users/seokyung/Documents/GitHub/SoundOfZombie_combine/Assets
GfxDevice: creating device client; threaded=0
2022-06-03 14:53:21.062 Unity[25914:19412714] (null) preferred device: Apple M1 (high power)
2022-06-03 14:53:21.062 Unity[25914:19412714] Metal devices available: 1
2022-06-03 14:53:21.062 Unity[25914:19412714] 0: Apple M1 (high power)
2022-06-03 14:53:21.062 Unity[25914:19412714] Using device Apple M1 (high power)
Initializing Metal device caps: Apple M1
Initialize mono
Mono path[0] = '/Applications/Unity/Hub/Editor/2020.3.26f1/Unity.app/Contents/Managed'
Mono path[1] = '/Applications/Unity/Hub/Editor/2020.3.26f1/Unity.app/Contents/MonoBleedingEdge/lib/mono/unityjit'
Mono config path = '/Applications/Unity/Hub/Editor/2020.3.26f1/Unity.app/Contents/MonoBleedingEdge/etc'
Using monoOptions --debugger-agent=transport=dt_socket,embedding=1,server=y,suspend=n,address=127.0.0.1:56914
Begin MonoManager ReloadAssembly
Registering precompiled unity dll's ...
Register platform support module: /Applications/Unity/Hub/Editor/2020.3.26f1/PlaybackEngines/WebGLSupport/UnityEditor.WebGL.Extensions.dll
Register platform support module: /Applications/Unity/Hub/Editor/2020.3.26f1/Unity.app/Contents/PlaybackEngines/MacStandaloneSupport/UnityEditor.OSXStandalone.Extensions.dll
Register platform support module: /Applications/Unity/Hub/Editor/2020.3.26f1/PlaybackEngines/WindowsStandaloneSupport/UnityEditor.WindowsStandalone.Extensions.dll
Registered in 0.002664 seconds.
Native extension for WindowsStandalone target not found
Native extension for OSXStandalone target not found
Native extension for WebGL target not found
Refreshing native plugins compatible for Editor in 50.38 ms, found 3 plugins.
Preloading 1 native plugins for Editor in 0.50 ms.
Mono: successfully reloaded assembly
- Completed reload, in  1.133 seconds
Domain Reload Profiling:
	ReloadAssembly (1133ms)
		BeginReloadAssembly (83ms)
			ExecutionOrderSort (0ms)
			DisableScriptedObjects (0ms)
			BackupInstance (0ms)
			ReleaseScriptingObjects (0ms)
			CreateAndSetChildDomain (4ms)
		EndReloadAssembly (929ms)
			LoadAssemblies (78ms)
			RebuildTransferFunctionScriptingTraits (3ms)
			SetupTypeCache (180ms)
			ReleaseScriptCaches (0ms)
			RebuildScriptCaches (40ms)
			SetupLoadedEditorAssemblies (457ms)
				LogAssemblyErrors (0ms)
				InitializePlatformSupportModulesInManaged (15ms)
				SetLoadedEditorAssemblies (0ms)
				RefreshPlugins (51ms)
				BeforeProcessingInitializeOnLoad (20ms)
				ProcessInitializeOnLoadAttributes (277ms)
				ProcessInitializeOnLoadMethodAttributes (92ms)
				AfterProcessingInitializeOnLoad (0ms)
				EditorAssembliesLoaded (1ms)
			ExecutionOrderSort2 (0ms)
			AwakeInstancesAfterBackupRestoration (0ms)
Platform modules already initialized, skipping
Registering precompiled user dll's ...
Registered in 0.010421 seconds.
Begin MonoManager ReloadAssembly
Native extension for WindowsStandalone target not found
Native extension for OSXStandalone target not found
Native extension for WebGL target not found
Refreshing native plugins compatible for Editor in 0.64 ms, found 3 plugins.
Preloading 1 native plugins for Editor in 0.46 ms.
Mono: successfully reloaded assembly
- Completed reload, in  1.975 seconds
Domain Reload Profiling:
	ReloadAssembly (1978ms)
		BeginReloadAssembly (232ms)
			ExecutionOrderSort (0ms)
			DisableScriptedObjects (25ms)
			BackupInstance (0ms)
			ReleaseScriptingObjects (0ms)
			CreateAndSetChildDomain (31ms)
		EndReloadAssembly (1656ms)
			LoadAssemblies (183ms)
			RebuildTransferFunctionScriptingTraits (0ms)
			SetupTypeCache (348ms)
			ReleaseScriptCaches (0ms)
			RebuildScriptCaches (61ms)
			SetupLoadedEditorAssemblies (853ms)
				LogAssemblyErrors (0ms)
				InitializePlatformSupportModulesInManaged (17ms)
				SetLoadedEditorAssemblies (2ms)
				RefreshPlugins (1ms)
				BeforeProcessingInitializeOnLoad (109ms)
				ProcessInitializeOnLoadAttributes (683ms)
				ProcessInitializeOnLoadMethodAttributes (40ms)
				AfterProcessingInitializeOnLoad (1ms)
				EditorAssembliesLoaded (0ms)
			ExecutionOrderSort2 (0ms)
			AwakeInstancesAfterBackupRestoration (25ms)
Platform modules already initialized, skipping
Validating Project structure ... 0.008730 seconds.
Shader import version has changed; will reimport all shaders...
Upgrading shader files ...0.017420 seconds.
Application.AssetDatabase Initial Script Refresh Start
RefreshInfo: InitialScriptRefreshV2(NoUpdateAssetOptions) scanfilter:  ... 1 filters
RefreshProfiler: Total: 0.000ms
Application.AssetDatabase Initial Script Refresh End
Application.AssetDatabase.Refresh Start
Application.AssetDatabase.Refresh End
RefreshInfo: StopAssetImportingV2(ForceSynchronousImport) scanfilter: 
RefreshProfiler: Total: 0.000ms
Launching external process: /Applications/Unity/Hub/Editor/2020.3.26f1/Unity.app/Contents/Tools/UnityShaderCompiler
Launched and connected shader compiler UnityShaderCompiler after 0.02 seconds
Compilation failed: 

program_source:34:21: error: use of undeclared identifier 'input'
    u_xlat0 = float(input.SV_PrimitiveID0);
                    ^



#include <metal_stdlib>
#include <metal_texture>
using namespace metal;
#if !(__HAVE_FMA__)
#define fma(a,b,c) ((a) * (b) + (c))
#endif
#ifndef XLT_REMAP_O
	#define XLT_REMAP_O {0, 1, 2, 3, 4, 5, 6, 7}
#endif
constexpr constant uint xlt_remap_o[] = XLT_REMAP_O;
struct FGlobals_Type
{
    float4 _SurfaceMaterialColors[64];
    int _NumSubMeshes;
    float _SubMeshEnds[256];
    float _SubMeshSurfaceMaterials[256];
};
struct Mtl_FragmentOut
{
    float4 SV_Target0 [[ color(xlt_remap_o[0]) ]];
};
fragment Mtl_FragmentOut xlatMtlMain(
    constant FGlobals_Type& FGlobals [[ buffer(0) ]])
{
    Mtl_FragmentOut output;
    float u_xlat0;
    int u_xlati0;
    int u_xlati1;
    bool u_xlatb2;
    u_xlat0 = float(input.SV_PrimitiveID0);
    u_xlati1 = 0x0;
    while(true){
        u_xlatb2 = u_xlati1>=FGlobals._NumSubMeshes;
        if(u_xlatb2){break;}
        u_xlatb2 = u_xlat0<FGlobals._SubMeshEnds[u_xlati1];
        if(u_xlatb2){
            break;
        }
        u_xlati1 = u_xlati1 + 0x1;
    }
    u_xlati0 = int(FGlobals._SubMeshSurfaceMaterials[u_xlati1]);
    output.SV_Target0.xyz = FGlobals._SurfaceMaterialColors[u_xlati0].xyz;
    output.SV_Target0.w = 0.5;
    return output;
}
Shader warning in 'ResonanceAudio/SurfaceMaterial': signed/unsigned mismatch, unsigned assumed at line 61 (on metal)

Compiling Vertex program
Platform defines: SHADER_API_DESKTOP UNITY_ENABLE_DETAIL_NORMALMAP UNITY_ENABLE_REFLECTION_BUFFERS UNITY_LIGHTMAP_FULL_HDR UNITY_LIGHT_PROBE_PROXY_VOLUME UNITY_PBS_USE_BRDF1 UNITY_SPECCUBE_BLENDING UNITY_SPECCUBE_BOX_PROJECTION UNITY_USE_DITHER_MASK_FOR_ALPHABLENDED_SHADOWS
Disabled keywords: SHADER_API_GLES30 UNITY_ASTC_NORMALMAP_ENCODING UNITY_COLORSPACE_GAMMA UNITY_ENABLE_NATIVE_SHADOW_LOOKUPS UNITY_HALF_PRECISION_FRAGMENT_SHADER_REGISTERS UNITY_HARDWARE_TIER1 UNITY_HARDWARE_TIER2 UNITY_HARDWARE_TIER3 UNITY_LIGHTMAP_DLDR_ENCODING UNITY_LIGHTMAP_RGBM_ENCODING UNITY_METAL_SHADOWS_USE_POINT_FILTERING UNITY_NO_DXT5nm UNITY_NO_FULL_STANDARD_SHADER UNITY_NO_SCREENSPACE_SHADOWS UNITY_PBS_USE_BRDF2 UNITY_PBS_USE_BRDF3 UNITY_PRETRANSFORM_TO_DISPLAY_ORIENTATION UNITY_VIRTUAL_TEXTURING
Initializing Unity extensions:
2022-06-03 14:53:25.562 Unity[25914:19412714] NSEventModifierFlagFunction specified to -setKeyEquivalentModifierMask: for item <NSMenuItem: 0x6000021a1ff0 Font Asset, ke='Command-F12'>, but is only supported for system-provided menu items; will not be used
2022-06-03 14:53:25.566 Unity[25914:19412714] NSEventModifierFlagFunction specified to -setKeyEquivalentModifierMask: for item <NSMenuItem: 0x600002194230 Font Asset, ke='Command-F12'>, but is only supported for system-provided menu items; will not be used
========================================================================
Worker process is ready to serve import requests
Compilation failed: 

program_source:34:21: error: use of undeclared identifier 'input'
    u_xlat0 = float(input.SV_PrimitiveID0);
                    ^



#include <metal_stdlib>
#include <metal_texture>
using namespace metal;
#if !(__HAVE_FMA__)
#define fma(a,b,c) ((a) * (b) + (c))
#endif
#ifndef XLT_REMAP_O
	#define XLT_REMAP_O {0, 1, 2, 3, 4, 5, 6, 7}
#endif
constexpr constant uint xlt_remap_o[] = XLT_REMAP_O;
struct FGlobals_Type
{
    float4 _SurfaceMaterialColors[64];
    int _NumSubMeshes;
    float _SubMeshEnds[256];
    float _SubMeshSurfaceMaterials[256];
};
struct Mtl_FragmentOut
{
    float4 SV_Target0 [[ color(xlt_remap_o[0]) ]];
};
fragment Mtl_FragmentOut xlatMtlMain(
    constant FGlobals_Type& FGlobals [[ buffer(0) ]])
{
    Mtl_FragmentOut output;
    float u_xlat0;
    int u_xlati0;
    int u_xlati1;
    bool u_xlatb2;
    u_xlat0 = float(input.SV_PrimitiveID0);
    u_xlati1 = 0x0;
    while(true){
        u_xlatb2 = u_xlati1>=FGlobals._NumSubMeshes;
        if(u_xlatb2){break;}
        u_xlatb2 = u_xlat0<FGlobals._SubMeshEnds[u_xlati1];
        if(u_xlatb2){
            break;
        }
        u_xlati1 = u_xlati1 + 0x1;
    }
    u_xlati0 = int(FGlobals._SubMeshSurfaceMaterials[u_xlati1]);
    output.SV_Target0.xyz = FGlobals._SurfaceMaterialColors[u_xlati0].xyz;
    output.SV_Target0.w = 0.5;
    return output;
}
Shader warning in 'ResonanceAudio/SurfaceMaterial': signed/unsigned mismatch, unsigned assumed at line 61 (on metal)

Compiling Vertex program
Platform defines: SHADER_API_DESKTOP UNITY_ENABLE_DETAIL_NORMALMAP UNITY_ENABLE_REFLECTION_BUFFERS UNITY_LIGHTMAP_FULL_HDR UNITY_LIGHT_PROBE_PROXY_VOLUME UNITY_PBS_USE_BRDF1 UNITY_SPECCUBE_BLENDING UNITY_SPECCUBE_BOX_PROJECTION UNITY_USE_DITHER_MASK_FOR_ALPHABLENDED_SHADOWS
Disabled keywords: SHADER_API_GLES30 UNITY_ASTC_NORMALMAP_ENCODING UNITY_COLORSPACE_GAMMA UNITY_ENABLE_NATIVE_SHADOW_LOOKUPS UNITY_HALF_PRECISION_FRAGMENT_SHADER_REGISTERS UNITY_HARDWARE_TIER1 UNITY_HARDWARE_TIER2 UNITY_HARDWARE_TIER3 UNITY_LIGHTMAP_DLDR_ENCODING UNITY_LIGHTMAP_RGBM_ENCODING UNITY_METAL_SHADOWS_USE_POINT_FILTERING UNITY_NO_DXT5nm UNITY_NO_FULL_STANDARD_SHADER UNITY_NO_SCREENSPACE_SHADOWS UNITY_PBS_USE_BRDF2 UNITY_PBS_USE_BRDF3 UNITY_PRETRANSFORM_TO_DISPLAY_ORIENTATION UNITY_VIRTUAL_TEXTURING
Refreshing native plugins compatible for Editor in 0.60 ms, found 3 plugins.
Preloading 1 native plugins for Editor in 0.40 ms.
Unloading 2036 Unused Serialized files (Serialized files now loaded: 0)
System memory in use before: 197.6 MB.
System memory in use after: 195.5 MB.

Unloading 195 unused Assets to reduce memory usage. Loaded Objects now: 2480.
Total: 5.325083 ms (FindLiveObjects: 0.326083 ms CreateObjectMapping: 0.062500 ms MarkObjects: 4.138083 ms  DeleteObjects: 0.780042 ms)

AssetImportParameters requested are different than current active one (requested -> active):
  custom:video-decoder-ogg-theora: a1e56fd34408186e4bbccfd4996cb3dc -> 
  custom:container-muxer-webm: aa71ff27fc2769a1b78a27578f13a17b -> 
  custom:container-demuxer-webm: 4f35f7cbe854078d1ac9338744f61a02 -> 
  custom:container-demuxer-ogg: 62fdf1f143b41e24485cea50d1cbac27 -> 
  custom:video-encoder-webm-vp8: eb34c28f22e8b96e1ab97ce403110664 -> 
  custom:framework-osx-AVFoundation: e770b220cccbd017edd2c1fefb359320 -> 
  custom:video-decoder-webm-vp8: 9c59270c3fd7afecdb556c50c9e8de78 -> 
  custom:audio-decoder-ogg-vorbis: bf7c407c2cedff20999df2af8eb42d56 -> 
  custom:audio-encoder-webm-vorbis: bf7c407c2cedff20999df2af8eb42d56 -> 
========================================================================
Received Import Request.
  path: Assets/obejct/doraemon.blend
  artifactKey: Guid(c00de2b10e2a6405eb7c37388affe391) Importer(815301076,1909f56bfc062723c751e8b465ee728b)
Start importing Assets/obejct/doraemon.blend using Guid(c00de2b10e2a6405eb7c37388affe391) Importer(815301076,1909f56bfc062723c751e8b465ee728b)  -> (artifact id: 'dbfc86f17e7604cc387224fe0c924dd7') in 0.859925 seconds 
  Import took 0.868078 seconds .

========================================================================
Received Import Request.
  Time since last request: 100.802882 seconds.
  path: Assets/obejct/doraemon/doraemon.blend
  artifactKey: Guid(bb15dada0b08a44c3ada7fad9a388fac) Importer(815301076,1909f56bfc062723c751e8b465ee728b)
Start importing Assets/obejct/doraemon/doraemon.blend using Guid(bb15dada0b08a44c3ada7fad9a388fac) Importer(815301076,1909f56bfc062723c751e8b465ee728b)  -> (artifact id: '529e71074b000a65ea144fe7b5ab825a') in 0.090445 seconds 
  Import took 0.094925 seconds .

========================================================================
Received Import Request.
  Time since last request: 2.187377 seconds.
  path: Assets/obejct/doraemon/doraemon.blend1
  artifactKey: Guid(4a27d81ac118c4696b1a9f47db9e2675) Importer(815301076,1909f56bfc062723c751e8b465ee728b)
Start importing Assets/obejct/doraemon/doraemon.blend1 using Guid(4a27d81ac118c4696b1a9f47db9e2675) Importer(815301076,1909f56bfc062723c751e8b465ee728b)  -> (artifact id: '6409898714a803ada8583e1e69dbc47a') in 0.081295 seconds 
  Import took 0.086591 seconds .

